2024-02-20 17:18:51,010 [INFO] Activator:176 - 


2024-02-20 17:18:51,011 [INFO] Activator:177 - !SESSION log4j initialized
2024-02-20 17:18:52,590 [INFO] LogOutputStream:77 - [STDOUT_REDIRECT] 
2024-02-20 17:19:08,602 [INFO] ApplicationProperties:184 - Using Application install path: C:\ST\STM32CubeIDE_1.13.1\STM32CubeIDE\plugins\com.st.stm32cube.common.mx_6.9.1.202307191849
2024-02-20 17:19:08,613 [INFO] DbMcusXml:78 - Set database path to: C:\ST\STM32CubeIDE_1.13.1\STM32CubeIDE\plugins\com.st.stm32cube.common.mx_6.9.1.202307191849\\db\/mcu/
2024-02-20 17:19:08,613 [INFO] ApiDb:274 - Set plugin database path to: C:\ST\STM32CubeIDE_1.13.1\STM32CubeIDE\plugins\com.st.stm32cube.common.mx_6.9.1.202307191849\\db\/plugins/boardmanager/
2024-02-20 17:19:08,613 [WARN] ApiDb:259 - Overriding images path with different value:  => C:\ST\STM32CubeIDE_1.13.1\STM32CubeIDE\plugins\com.st.stm32cube.common.mx_6.9.1.202307191849\\db\/plugins/mcufinder/images/
2024-02-20 17:19:08,618 [INFO] ApiDb:250 - Set database path to: C:\Users\oscar\.stmcufinder\plugins\mcufinder//mcu/
2024-02-20 17:19:08,619 [INFO] DbMcusAds:125 - Set database path to: C:\Users\oscar\.stmcufinder\plugins\mcufinder//mcu/
2024-02-20 17:19:08,642 [INFO] CrossReferenceDbSqlite:203 - Set database path to: C:\Users\oscar\.stmcufinder\plugins\mcufinder//mcu/cs/
2024-02-20 17:19:08,716 [INFO] RulesReader:64 - Compatibility file has been processed (293 Rules)
2024-02-20 17:19:08,769 [INFO] DbMcusXml:78 - Set database path to: C:\ST\STM32CubeIDE_1.13.1\STM32CubeIDE\plugins\com.st.stm32cube.common.mx_6.9.1.202307191849\\db\/mcu/
2024-02-20 17:19:08,769 [INFO] ApiDb:274 - Set plugin database path to: C:\ST\STM32CubeIDE_1.13.1\STM32CubeIDE\plugins\com.st.stm32cube.common.mx_6.9.1.202307191849\\db\/plugins/boardmanager/
2024-02-20 17:19:08,769 [INFO] ApiDb:261 - Set plugin images path to: C:\ST\STM32CubeIDE_1.13.1\STM32CubeIDE\plugins\com.st.stm32cube.common.mx_6.9.1.202307191849\\db\/plugins/mcufinder/images/
2024-02-20 17:19:08,769 [WARN] DbFile:41 - Overriding database path with different value: C:\Users\oscar\.stmcufinder\plugins\mcufinder/ => C:\Users\oscar\.stmcufinder\plugins\mcufinder
2024-02-20 17:19:08,769 [INFO] ApiDb:250 - Set database path to: C:\Users\oscar\.stmcufinder\plugins\mcufinder//mcu/
2024-02-20 17:19:08,769 [WARN] DbFile:41 - Overriding database path with different value: C:\Users\oscar\.stmcufinder\plugins\mcufinder/ => C:\Users\oscar\.stmcufinder\plugins\mcufinder
2024-02-20 17:19:08,769 [INFO] DbMcusAds:125 - Set database path to: C:\Users\oscar\.stmcufinder\plugins\mcufinder//mcu/
2024-02-20 17:19:08,770 [WARN] DbFile:41 - Overriding database path with different value: C:\Users\oscar\.stmcufinder\plugins\mcufinder/ => C:\Users\oscar\.stmcufinder\plugins\mcufinder
2024-02-20 17:19:08,770 [WARN] DbFile:41 - Overriding database path with different value: C:\Users\oscar\.stmcufinder\plugins\mcufinder/ => C:\Users\oscar\.stmcufinder\plugins\mcufinder
2024-02-20 17:19:08,770 [INFO] CrossReferenceDbSqlite:203 - Set database path to: C:\Users\oscar\.stmcufinder\plugins\mcufinder//mcu/cs/
2024-02-20 17:19:08,817 [INFO] MainPanel:262 - HeapMemory: 268435456
2024-02-20 17:19:08,864 [INFO] DbMcusXml:78 - Set database path to: C:\ST\STM32CubeIDE_1.13.1\STM32CubeIDE\plugins\com.st.stm32cube.common.mx_6.9.1.202307191849\\db\/mcu/
2024-02-20 17:19:08,864 [INFO] ApiDb:274 - Set plugin database path to: C:\ST\STM32CubeIDE_1.13.1\STM32CubeIDE\plugins\com.st.stm32cube.common.mx_6.9.1.202307191849\\db\/plugins/boardmanager/
2024-02-20 17:19:08,864 [INFO] ApiDb:261 - Set plugin images path to: C:\ST\STM32CubeIDE_1.13.1\STM32CubeIDE\plugins\com.st.stm32cube.common.mx_6.9.1.202307191849\\db\/plugins/mcufinder/images/
2024-02-20 17:19:08,864 [WARN] DbFile:41 - Overriding database path with different value: C:\Users\oscar\.stmcufinder\plugins\mcufinder/ => C:\Users\oscar\.stmcufinder\plugins\mcufinder
2024-02-20 17:19:08,864 [INFO] ApiDb:250 - Set database path to: C:\Users\oscar\.stmcufinder\plugins\mcufinder//mcu/
2024-02-20 17:19:08,864 [WARN] DbFile:41 - Overriding database path with different value: C:\Users\oscar\.stmcufinder\plugins\mcufinder/ => C:\Users\oscar\.stmcufinder\plugins\mcufinder
2024-02-20 17:19:08,864 [INFO] DbMcusAds:125 - Set database path to: C:\Users\oscar\.stmcufinder\plugins\mcufinder//mcu/
2024-02-20 17:19:08,864 [WARN] DbFile:41 - Overriding database path with different value: C:\Users\oscar\.stmcufinder\plugins\mcufinder/ => C:\Users\oscar\.stmcufinder\plugins\mcufinder
2024-02-20 17:19:08,865 [WARN] DbFile:41 - Overriding database path with different value: C:\Users\oscar\.stmcufinder\plugins\mcufinder/ => C:\Users\oscar\.stmcufinder\plugins\mcufinder
2024-02-20 17:19:08,865 [INFO] CrossReferenceDbSqlite:203 - Set database path to: C:\Users\oscar\.stmcufinder\plugins\mcufinder//mcu/cs/
2024-02-20 17:19:08,876 [INFO] ApplicationProperties:184 - Using Application install path: C:\ST\STM32CubeIDE_1.13.1\STM32CubeIDE\plugins\com.st.stm32cube.common.mx_6.9.1.202307191849
2024-02-20 17:19:08,877 [INFO] PluginManage:196 - Search for loadable plugins [exclusion list=, ]
2024-02-20 17:19:08,878 [INFO] PluginManage:310 - Check plugin analytics
