2024-02-21 19:20:45,783 [INFO] Activator:176 - 


2024-02-21 19:20:45,792 [INFO] Activator:177 - !SESSION log4j initialized
2024-02-21 19:20:49,224 [INFO] LogOutputStream:77 - [STDOUT_REDIRECT] 
2024-02-21 19:20:57,269 [INFO] ApplicationProperties:184 - Using Application install path: C:\ST\STM32CubeIDE_1.13.1\STM32CubeIDE\plugins\com.st.stm32cube.common.mx_6.9.1.202307191849
2024-02-21 19:20:57,297 [INFO] DbMcusXml:78 - Set database path to: C:\ST\STM32CubeIDE_1.13.1\STM32CubeIDE\plugins\com.st.stm32cube.common.mx_6.9.1.202307191849\\db\/mcu/
2024-02-21 19:20:57,298 [INFO] ApiDb:274 - Set plugin database path to: C:\ST\STM32CubeIDE_1.13.1\STM32CubeIDE\plugins\com.st.stm32cube.common.mx_6.9.1.202307191849\\db\/plugins/boardmanager/
2024-02-21 19:20:57,298 [WARN] ApiDb:259 - Overriding images path with different value:  => C:\ST\STM32CubeIDE_1.13.1\STM32CubeIDE\plugins\com.st.stm32cube.common.mx_6.9.1.202307191849\\db\/plugins/mcufinder/images/
2024-02-21 19:20:57,312 [INFO] ApiDb:250 - Set database path to: C:\Users\oscar\.stmcufinder\plugins\mcufinder//mcu/
2024-02-21 19:20:57,314 [INFO] DbMcusAds:125 - Set database path to: C:\Users\oscar\.stmcufinder\plugins\mcufinder//mcu/
2024-02-21 19:20:57,317 [INFO] CrossReferenceDbSqlite:203 - Set database path to: C:\Users\oscar\.stmcufinder\plugins\mcufinder//mcu/cs/
2024-02-21 19:20:57,492 [INFO] RulesReader:64 - Compatibility file has been processed (293 Rules)
2024-02-21 19:20:57,599 [INFO] DbMcusXml:78 - Set database path to: C:\ST\STM32CubeIDE_1.13.1\STM32CubeIDE\plugins\com.st.stm32cube.common.mx_6.9.1.202307191849\\db\/mcu/
2024-02-21 19:20:57,599 [INFO] ApiDb:274 - Set plugin database path to: C:\ST\STM32CubeIDE_1.13.1\STM32CubeIDE\plugins\com.st.stm32cube.common.mx_6.9.1.202307191849\\db\/plugins/boardmanager/
2024-02-21 19:20:57,599 [INFO] ApiDb:261 - Set plugin images path to: C:\ST\STM32CubeIDE_1.13.1\STM32CubeIDE\plugins\com.st.stm32cube.common.mx_6.9.1.202307191849\\db\/plugins/mcufinder/images/
2024-02-21 19:20:57,600 [WARN] DbFile:41 - Overriding database path with different value: C:\Users\oscar\.stmcufinder\plugins\mcufinder/ => C:\Users\oscar\.stmcufinder\plugins\mcufinder
2024-02-21 19:20:57,600 [INFO] ApiDb:250 - Set database path to: C:\Users\oscar\.stmcufinder\plugins\mcufinder//mcu/
2024-02-21 19:20:57,600 [WARN] DbFile:41 - Overriding database path with different value: C:\Users\oscar\.stmcufinder\plugins\mcufinder/ => C:\Users\oscar\.stmcufinder\plugins\mcufinder
2024-02-21 19:20:57,600 [INFO] DbMcusAds:125 - Set database path to: C:\Users\oscar\.stmcufinder\plugins\mcufinder//mcu/
2024-02-21 19:20:57,601 [WARN] DbFile:41 - Overriding database path with different value: C:\Users\oscar\.stmcufinder\plugins\mcufinder/ => C:\Users\oscar\.stmcufinder\plugins\mcufinder
2024-02-21 19:20:57,601 [WARN] DbFile:41 - Overriding database path with different value: C:\Users\oscar\.stmcufinder\plugins\mcufinder/ => C:\Users\oscar\.stmcufinder\plugins\mcufinder
2024-02-21 19:20:57,601 [INFO] CrossReferenceDbSqlite:203 - Set database path to: C:\Users\oscar\.stmcufinder\plugins\mcufinder//mcu/cs/
2024-02-21 19:20:57,698 [INFO] MainPanel:262 - HeapMemory: 268435456
2024-02-21 19:20:57,785 [INFO] DbMcusXml:78 - Set database path to: C:\ST\STM32CubeIDE_1.13.1\STM32CubeIDE\plugins\com.st.stm32cube.common.mx_6.9.1.202307191849\\db\/mcu/
2024-02-21 19:20:57,785 [INFO] ApiDb:274 - Set plugin database path to: C:\ST\STM32CubeIDE_1.13.1\STM32CubeIDE\plugins\com.st.stm32cube.common.mx_6.9.1.202307191849\\db\/plugins/boardmanager/
2024-02-21 19:20:57,786 [INFO] ApiDb:261 - Set plugin images path to: C:\ST\STM32CubeIDE_1.13.1\STM32CubeIDE\plugins\com.st.stm32cube.common.mx_6.9.1.202307191849\\db\/plugins/mcufinder/images/
2024-02-21 19:20:57,786 [WARN] DbFile:41 - Overriding database path with different value: C:\Users\oscar\.stmcufinder\plugins\mcufinder/ => C:\Users\oscar\.stmcufinder\plugins\mcufinder
2024-02-21 19:20:57,786 [INFO] ApiDb:250 - Set database path to: C:\Users\oscar\.stmcufinder\plugins\mcufinder//mcu/
2024-02-21 19:20:57,786 [WARN] DbFile:41 - Overriding database path with different value: C:\Users\oscar\.stmcufinder\plugins\mcufinder/ => C:\Users\oscar\.stmcufinder\plugins\mcufinder
2024-02-21 19:20:57,787 [INFO] DbMcusAds:125 - Set database path to: C:\Users\oscar\.stmcufinder\plugins\mcufinder//mcu/
2024-02-21 19:20:57,787 [WARN] DbFile:41 - Overriding database path with different value: C:\Users\oscar\.stmcufinder\plugins\mcufinder/ => C:\Users\oscar\.stmcufinder\plugins\mcufinder
2024-02-21 19:20:57,787 [WARN] DbFile:41 - Overriding database path with different value: C:\Users\oscar\.stmcufinder\plugins\mcufinder/ => C:\Users\oscar\.stmcufinder\plugins\mcufinder
2024-02-21 19:20:57,787 [INFO] CrossReferenceDbSqlite:203 - Set database path to: C:\Users\oscar\.stmcufinder\plugins\mcufinder//mcu/cs/
2024-02-21 19:20:57,812 [INFO] ApplicationProperties:184 - Using Application install path: C:\ST\STM32CubeIDE_1.13.1\STM32CubeIDE\plugins\com.st.stm32cube.common.mx_6.9.1.202307191849
2024-02-21 19:20:57,813 [INFO] PluginManage:196 - Search for loadable plugins [exclusion list=, ]
2024-02-21 19:20:57,815 [INFO] PluginManage:310 - Check plugin analytics
2024-02-21 19:21:02,593 [INFO] AnalyticsPlugin:253 - Accepted Software Licenses: STM32CubeMX.6.10.0
2024-02-21 19:21:02,594 [INFO] AnalyticsPlugin:255 - Accepted CMSIS Pack Licenses: 
2024-02-21 19:21:02,594 [INFO] AnalyticsPlugin:257 - Accepted Firmware Licenses: FW.L4.1.18.0,FW.L5.1.5.0
2024-02-21 19:21:02,598 [INFO] PluginManage:359 - Loaded plugin analytics (category:tool,tabindex:-1)
2024-02-21 19:21:02,599 [INFO] PluginManage:310 - Check plugin cadmodel
2024-02-21 19:21:02,605 [INFO] CADModel:105 - Init CAD model plugin
2024-02-21 19:21:02,605 [INFO] PluginManage:359 - Loaded plugin cadmodel (category:power,tabindex:5)
2024-02-21 19:21:02,605 [INFO] PluginManage:310 - Check plugin clock
2024-02-21 19:21:02,616 [INFO] PluginManage:359 - Loaded plugin clock (category:base,tabindex:2)
2024-02-21 19:21:02,616 [INFO] PluginManage:310 - Check plugin ddr
2024-02-21 19:21:02,619 [INFO] PluginManage:359 - Loaded plugin ddr (category:tool,tabindex:6)
2024-02-21 19:21:02,620 [INFO] PluginManage:310 - Check plugin filemanager
2024-02-21 19:21:02,814 [INFO] PluginManage:359 - Loaded plugin filemanager (category:base,tabindex:10)
2024-02-21 19:21:02,814 [INFO] PluginManage:310 - Check plugin ipmanager
2024-02-21 19:21:02,825 [INFO] PluginManage:359 - Loaded plugin ipmanager (category:base,tabindex:5)
2024-02-21 19:21:02,825 [INFO] PluginManage:310 - Check plugin lpbam
2024-02-21 19:21:02,837 [INFO] PluginManage:359 - Loaded plugin lpbam (category:base,tabindex:0)
2024-02-21 19:21:02,837 [INFO] PluginManage:310 - Check plugin memorymap
2024-02-21 19:21:02,852 [INFO] PluginManage:359 - Loaded plugin memorymap (category:base,tabindex:4)
2024-02-21 19:21:02,852 [INFO] PluginManage:310 - Check plugin pinoutandconfiguration
2024-02-21 19:21:02,861 [INFO] PluginManage:359 - Loaded plugin pinoutandconfiguration (category:base,tabindex:1)
2024-02-21 19:21:02,861 [INFO] PluginManage:310 - Check plugin pinoutconfig
2024-02-21 19:21:03,013 [WARN] SupportedApi:132 - Cannot load RTOS API schema: s4s-elt-must-match.1: The content of 'definitions' must match (annotation?, (simpleType | complexType)?, (unique | key | keyref)*)). A problem was found starting at: attribute.
2024-02-21 19:21:03,196 [INFO] PluginManage:359 - Loaded plugin pinoutconfig (category:base,tabindex:0)
2024-02-21 19:21:03,196 [INFO] PluginManage:310 - Check plugin power
2024-02-21 19:21:03,207 [INFO] PluginManage:359 - Loaded plugin power (category:power,tabindex:4)
2024-02-21 19:21:03,208 [INFO] PluginManage:310 - Check plugin projectmanager
2024-02-21 19:21:03,227 [INFO] PluginManage:359 - Loaded plugin projectmanager (category:projectmanager,tabindex:3)
2024-02-21 19:21:03,227 [INFO] PluginManage:310 - Check plugin thirdparty
2024-02-21 19:21:03,382 [INFO] PluginManage:359 - Loaded plugin thirdparty (category:base,tabindex:-1)
2024-02-21 19:21:03,381 [WARN] IntegrityCheckThread:84 - waiting for thirdparty lock release [integrity check]
2024-02-21 19:21:03,382 [INFO] PluginManage:310 - Check plugin tools
2024-02-21 19:21:03,382 [INFO] IntegrityCheckThread:86 - entering critical section [integrity check]
2024-02-21 19:21:03,383 [INFO] ThirdPartyUpdaterWithRetryManager:70 - Updater plugin not ready yet. [1/15]
2024-02-21 19:21:03,385 [INFO] PluginManage:359 - Loaded plugin tools (category:base,tabindex:7)
2024-02-21 19:21:03,386 [INFO] PluginManage:310 - Check plugin tutovideos
2024-02-21 19:21:03,613 [INFO] PluginManage:359 - Loaded plugin tutovideos (category:base,tabindex:-1)
2024-02-21 19:21:03,613 [INFO] PluginManage:310 - Check plugin updater
2024-02-21 19:21:03,626 [INFO] PluginManage:359 - Loaded plugin updater (category:base,tabindex:12)
2024-02-21 19:21:03,626 [INFO] PluginManage:310 - Check plugin userauth
2024-02-21 19:21:03,632 [INFO] UserAuth:113 - Init User Auth plugin
2024-02-21 19:21:03,632 [INFO] PluginManage:359 - Loaded plugin userauth (category:base,tabindex:14)
2024-02-21 19:21:03,633 [INFO] PluginManage:283 - PluginManage : Loaded plugins [17]
2024-02-21 19:21:03,957 [INFO] PinOutPanel:1499 - setPackage(No Configuration,No Configuration)
2024-02-21 19:21:04,110 [INFO] CADModel:165 - CPN selected for project level
2024-02-21 19:21:04,110 [INFO] CADModel:114 - Register for checkConnection events
2024-02-21 19:21:04,129 [INFO] IPUIPlugin:80 - create IPUIPlugin
2024-02-21 19:21:04,130 [INFO] PluginManager:220 - loadIPPluginJar : add adc
2024-02-21 19:21:04,133 [INFO] IPUIPlugin:80 - create IPUIPlugin
2024-02-21 19:21:04,133 [INFO] PluginManager:220 - loadIPPluginJar : add aes
2024-02-21 19:21:04,136 [INFO] IPUIPlugin:80 - create IPUIPlugin
2024-02-21 19:21:04,136 [INFO] PluginManager:220 - loadIPPluginJar : add can
2024-02-21 19:21:04,138 [INFO] IPUIPlugin:80 - create IPUIPlugin
2024-02-21 19:21:04,138 [INFO] PluginManager:220 - loadIPPluginJar : add comp
2024-02-21 19:21:04,141 [INFO] IPUIPlugin:80 - create IPUIPlugin
2024-02-21 19:21:04,141 [INFO] PluginManager:220 - loadIPPluginJar : add cryp
2024-02-21 19:21:04,144 [INFO] IPUIPlugin:80 - create IPUIPlugin
2024-02-21 19:21:04,144 [INFO] PluginManager:220 - loadIPPluginJar : add dfsdm
2024-02-21 19:21:04,151 [INFO] IPUIPlugin:80 - create IPUIPlugin
2024-02-21 19:21:04,151 [INFO] PluginManager:220 - loadIPPluginJar : add dma
2024-02-21 19:21:04,154 [INFO] IPUIPlugin:80 - create IPUIPlugin
2024-02-21 19:21:04,154 [INFO] PluginManager:220 - loadIPPluginJar : add dma3
2024-02-21 19:21:04,156 [INFO] IPUIPlugin:80 - create IPUIPlugin
2024-02-21 19:21:04,156 [INFO] PluginManager:220 - loadIPPluginJar : add fatfs
2024-02-21 19:21:04,161 [INFO] IPUIPlugin:80 - create IPUIPlugin
2024-02-21 19:21:04,161 [INFO] PluginManager:220 - loadIPPluginJar : add fmc
2024-02-21 19:21:04,167 [INFO] IPUIPlugin:80 - create IPUIPlugin
2024-02-21 19:21:04,168 [INFO] PluginManager:220 - loadIPPluginJar : add freertos
2024-02-21 19:21:04,169 [INFO] IPUIPlugin:80 - create IPUIPlugin
2024-02-21 19:21:04,169 [INFO] PluginManager:220 - loadIPPluginJar : add genericplugin
2024-02-21 19:21:04,172 [INFO] IPUIPlugin:80 - create IPUIPlugin
2024-02-21 19:21:04,172 [INFO] PluginManager:220 - loadIPPluginJar : add gfxmmu
2024-02-21 19:21:04,178 [INFO] IPUIPlugin:80 - create IPUIPlugin
2024-02-21 19:21:04,178 [INFO] PluginManager:220 - loadIPPluginJar : add gic
2024-02-21 19:21:04,182 [INFO] IPUIPlugin:80 - create IPUIPlugin
2024-02-21 19:21:04,182 [INFO] PluginManager:220 - loadIPPluginJar : add gpio
2024-02-21 19:21:04,185 [INFO] IPUIPlugin:80 - create IPUIPlugin
2024-02-21 19:21:04,185 [INFO] PluginManager:220 - loadIPPluginJar : add gtzc
2024-02-21 19:21:04,188 [INFO] IPUIPlugin:80 - create IPUIPlugin
2024-02-21 19:21:04,188 [INFO] PluginManager:220 - loadIPPluginJar : add hash
2024-02-21 19:21:04,191 [INFO] IPUIPlugin:80 - create IPUIPlugin
2024-02-21 19:21:04,191 [INFO] PluginManager:220 - loadIPPluginJar : add i2c
2024-02-21 19:21:04,194 [INFO] IPUIPlugin:80 - create IPUIPlugin
2024-02-21 19:21:04,194 [INFO] PluginManager:220 - loadIPPluginJar : add i2s
2024-02-21 19:21:04,197 [INFO] IPUIPlugin:80 - create IPUIPlugin
2024-02-21 19:21:04,197 [INFO] PluginManager:220 - loadIPPluginJar : add i3c
2024-02-21 19:21:04,200 [INFO] IPUIPlugin:80 - create IPUIPlugin
2024-02-21 19:21:04,201 [INFO] PluginManager:220 - loadIPPluginJar : add ipddr
2024-02-21 19:21:04,209 [INFO] IPUIPlugin:80 - create IPUIPlugin
2024-02-21 19:21:04,209 [INFO] PluginManager:220 - loadIPPluginJar : add linkedlist
2024-02-21 19:21:04,213 [INFO] IPUIPlugin:80 - create IPUIPlugin
2024-02-21 19:21:04,213 [INFO] PluginManager:220 - loadIPPluginJar : add lorawan
2024-02-21 19:21:04,215 [INFO] IPUIPlugin:80 - create IPUIPlugin
2024-02-21 19:21:04,215 [INFO] PluginManager:220 - loadIPPluginJar : add ltdc
2024-02-21 19:21:04,224 [INFO] IPUIPlugin:80 - create IPUIPlugin
2024-02-21 19:21:04,224 [INFO] PluginManager:220 - loadIPPluginJar : add mdma
2024-02-21 19:21:04,229 [INFO] IPUIPlugin:80 - create IPUIPlugin
2024-02-21 19:21:04,229 [INFO] PluginManager:220 - loadIPPluginJar : add nvic
2024-02-21 19:21:04,233 [INFO] IPUIPlugin:80 - create IPUIPlugin
2024-02-21 19:21:04,233 [INFO] PluginManager:220 - loadIPPluginJar : add opamp
2024-02-21 19:21:04,236 [INFO] IPUIPlugin:80 - create IPUIPlugin
2024-02-21 19:21:04,236 [INFO] PluginManager:220 - loadIPPluginJar : add openamp
2024-02-21 19:21:04,240 [INFO] IPUIPlugin:80 - create IPUIPlugin
2024-02-21 19:21:04,240 [INFO] PluginManager:220 - loadIPPluginJar : add pdm2pcm
2024-02-21 19:21:04,248 [INFO] IPUIPlugin:80 - create IPUIPlugin
2024-02-21 19:21:04,253 [INFO] PluginManager:220 - loadIPPluginJar : add plateformsettings
2024-02-21 19:21:04,257 [INFO] IPUIPlugin:80 - create IPUIPlugin
2024-02-21 19:21:04,257 [INFO] PluginManager:220 - loadIPPluginJar : add quadspi
2024-02-21 19:21:04,263 [INFO] IPUIPlugin:80 - create IPUIPlugin
2024-02-21 19:21:04,263 [INFO] PluginManager:220 - loadIPPluginJar : add resmgrutility
2024-02-21 19:21:04,267 [INFO] IPUIPlugin:80 - create IPUIPlugin
2024-02-21 19:21:04,267 [INFO] PluginManager:220 - loadIPPluginJar : add sai
2024-02-21 19:21:04,271 [INFO] IPUIPlugin:80 - create IPUIPlugin
2024-02-21 19:21:04,271 [INFO] PluginManager:220 - loadIPPluginJar : add spi
2024-02-21 19:21:04,279 [INFO] IPUIPlugin:80 - create IPUIPlugin
2024-02-21 19:21:04,279 [INFO] PluginManager:220 - loadIPPluginJar : add stm32_wpan
2024-02-21 19:21:04,282 [INFO] IPUIPlugin:80 - create IPUIPlugin
2024-02-21 19:21:04,282 [INFO] PluginManager:220 - loadIPPluginJar : add tim
2024-02-21 19:21:04,286 [INFO] IPUIPlugin:80 - create IPUIPlugin
2024-02-21 19:21:04,286 [INFO] PluginManager:220 - loadIPPluginJar : add touchsensing
2024-02-21 19:21:04,289 [INFO] IPUIPlugin:80 - create IPUIPlugin
2024-02-21 19:21:04,290 [INFO] PluginManager:220 - loadIPPluginJar : add tracer_emb
2024-02-21 19:21:04,292 [INFO] IPUIPlugin:80 - create IPUIPlugin
2024-02-21 19:21:04,293 [INFO] PluginManager:220 - loadIPPluginJar : add ts
2024-02-21 19:21:04,295 [INFO] IPUIPlugin:80 - create IPUIPlugin
2024-02-21 19:21:04,295 [INFO] PluginManager:220 - loadIPPluginJar : add tsc
2024-02-21 19:21:04,298 [INFO] IPUIPlugin:80 - create IPUIPlugin
2024-02-21 19:21:04,298 [INFO] PluginManager:220 - loadIPPluginJar : add ucpd
2024-02-21 19:21:04,302 [INFO] IPUIPlugin:80 - create IPUIPlugin
2024-02-21 19:21:04,303 [INFO] PluginManager:220 - loadIPPluginJar : add usart
2024-02-21 19:21:04,307 [INFO] IPUIPlugin:80 - create IPUIPlugin
2024-02-21 19:21:04,308 [INFO] PluginManager:220 - loadIPPluginJar : add usbx
2024-02-21 19:21:04,456 [INFO] CADModel:165 - CPN selected for project level
2024-02-21 19:21:04,457 [INFO] CADModel:114 - Register for checkConnection events
2024-02-21 19:21:04,457 [FATAL] Updater:308 - Updater called before beeing initialized
2024-02-21 19:21:04,457 [ERROR] CADModel:125 - Updater not yet initialized, retry later 
2024-02-21 19:21:04,630 [INFO] CADModel:165 - CPN selected for project level
2024-02-21 19:21:04,630 [INFO] CADModel:114 - Register for checkConnection events
2024-02-21 19:21:04,631 [FATAL] Updater:308 - Updater called before beeing initialized
2024-02-21 19:21:04,631 [ERROR] CADModel:125 - Updater not yet initialized, retry later 
2024-02-21 19:21:04,635 [FATAL] Updater:308 - Updater called before beeing initialized
2024-02-21 19:21:04,786 [FATAL] Updater:308 - Updater called before beeing initialized
2024-02-21 19:21:04,793 [INFO] DbMcusAds:53 - JSON generation date=Wed Nov 29 11:52:27 CET 2023 (1701255147349)
2024-02-21 19:21:04,793 [FATAL] Updater:308 - Updater called before beeing initialized
2024-02-21 19:21:04,845 [WARN] DetailPanel:346 - Failed to get advertising image, set to default
2024-02-21 19:21:05,019 [FATAL] Updater:308 - Updater called before beeing initialized
2024-02-21 19:21:05,021 [FATAL] Updater:308 - Updater called before beeing initialized
2024-02-21 19:21:05,021 [FATAL] Updater:308 - Updater called before beeing initialized
2024-02-21 19:21:05,022 [WARN] DetailPanel:346 - Failed to get advertising image, set to default
2024-02-21 19:21:05,023 [FATAL] Updater:308 - Updater called before beeing initialized
2024-02-21 19:21:05,086 [ERROR] Updater:1120 - MainUpdater not yet initialized. External WinMGr cannot be set.
2024-02-21 19:21:05,088 [INFO] Updater:1056 - Updater Version found : 6.9.1
2024-02-21 19:21:05,110 [INFO] ApplicationProperties:184 - Using Application install path: C:\ST\STM32CubeIDE_1.13.1\STM32CubeIDE\plugins\com.st.stm32cube.common.mx_6.9.1.202307191849
2024-02-21 19:21:05,282 [INFO] MainUpdater:2868 - connection check result : 10
2024-02-21 19:21:05,283 [INFO] MainUpdater:285 - Updater Check For Update Now.
2024-02-21 19:21:05,283 [INFO] MicroXplorer:498 - Change Database Version : DB.6.0.91
2024-02-21 19:21:05,291 [INFO] McuFinderGlobals:63 - Set McuFinder mode to 2 (CubeIDE integrated)
2024-02-21 19:21:05,291 [INFO] McuFinderGlobals:63 - Set McuFinder mode to 2 (CubeIDE integrated)
2024-02-21 19:21:05,510 [INFO] CheckServerUpdateThread:120 - End of CheckServer Thread
2024-02-21 19:21:06,659 [WARN] PackLoader:240 - Cannot read IP mode file for STMicroelectronics.X-CUBE-SMBUS.2.1.0
2024-02-21 19:21:06,671 [WARN] PackLoader:240 - Cannot read IP mode file for STMicroelectronics.X-CUBE-TOUCHGFX.4.23.0
2024-02-21 19:21:06,758 [WARN] PackLoader:240 - Cannot read IP mode file for STMicroelectronics.X-CUBE-AZRTOS-F7.1.1.0
2024-02-21 19:21:06,779 [WARN] PackLoader:240 - Cannot read IP mode file for STMicroelectronics.FP-SNS-MOTENV1.4.3.2
2024-02-21 19:21:06,792 [WARN] PackLoader:240 - Cannot read IP mode file for STMicroelectronics.FP-SNS-FLIGHT1.5.0.2
2024-02-21 19:21:06,808 [WARN] PackLoader:240 - Cannot read IP mode file for STMicroelectronics.X-CUBE-DISPLAY.3.0.0
2024-02-21 19:21:06,829 [WARN] PackLoader:240 - Cannot read IP mode file for STMicroelectronics.X-CUBE-BLE1.7.0.0
2024-02-21 19:21:06,839 [WARN] PackLoader:240 - Cannot read IP mode file for emotas.I-CUBE-CANOPEN.1.3.0
2024-02-21 19:21:06,844 [WARN] PackLoader:240 - Cannot read IP mode file for STMicroelectronics.X-CUBE-TOUCHGFX.4.22.0
2024-02-21 19:21:06,853 [WARN] PackLoader:240 - Cannot read IP mode file for STMicroelectronics.X-CUBE-TOUCHGFX.4.22.1
2024-02-21 19:21:06,860 [WARN] PackLoader:240 - Cannot read IP mode file for STMicroelectronics.FP-SNS-SMARTAG2.1.2.0
2024-02-21 19:21:06,878 [INFO] LogOutputStream:77 - [STDOUT_REDIRECT] 1 : Invalid condition id : UX_CORESTACK_Condition cause : null
2024-02-21 19:21:06,880 [INFO] LogOutputStream:77 - [STDOUT_REDIRECT] 1 : Invalid condition id : UX_CORESTACK_Condition cause : null
2024-02-21 19:21:06,881 [INFO] LogOutputStream:77 - [STDOUT_REDIRECT] 1 : Invalid condition id : UX_CORESTACK_Condition cause : null
2024-02-21 19:21:06,883 [INFO] LogOutputStream:77 - [STDOUT_REDIRECT] 1 : Invalid condition id : UX_CORESTACK_Condition cause : null
2024-02-21 19:21:06,884 [INFO] LogOutputStream:77 - [STDOUT_REDIRECT] 1 : Invalid condition id : UX_CORESTACK_Condition cause : null
2024-02-21 19:21:06,890 [WARN] PackLoader:240 - Cannot read IP mode file for STMicroelectronics.X-CUBE-AZRTOS-WL.2.0.0
2024-02-21 19:21:06,908 [WARN] PackLoader:240 - Cannot read IP mode file for WES.I-CUBE-Cesium.1.3.0
2024-02-21 19:21:06,916 [WARN] PackLoader:240 - Cannot read IP mode file for STMicroelectronics.X-CUBE-BLE2.3.3.0
2024-02-21 19:21:06,926 [WARN] PackLoader:240 - Cannot read IP mode file for STMicroelectronics.X-CUBE-ALGOBUILD.1.3.0
2024-02-21 19:21:06,952 [WARN] PackLoader:240 - Cannot read IP mode file for STMicroelectronics.X-CUBE-AZRTOS-G0.1.1.0
2024-02-21 19:21:06,962 [WARN] PackLoader:240 - Cannot read IP mode file for STMicroelectronics.X-CUBE-NFC4.3.0.0
2024-02-21 19:21:06,976 [WARN] PackLoader:240 - Cannot read IP mode file for STMicroelectronics.X-CUBE-BLEMGR.3.0.0
2024-02-21 19:21:06,986 [WARN] PackLoader:240 - Cannot read IP mode file for STMicroelectronics.FP-ATR-SIGFOX1.3.2.0
2024-02-21 19:21:06,994 [WARN] PackLoader:240 - Cannot read IP mode file for STMicroelectronics.X-CUBE-EEPRMA1.5.1.0
2024-02-21 19:21:07,071 [WARN] PackLoader:240 - Cannot read IP mode file for SEGGER.I-CUBE-embOS.1.3.1
2024-02-21 19:21:07,136 [WARN] PackLoader:240 - Cannot read IP mode file for STMicroelectronics.X-CUBE-GNSS1.6.0.0
2024-02-21 19:21:07,162 [WARN] PackLoader:240 - Cannot read IP mode file for STMicroelectronics.X-CUBE-AZRTOS-F4.1.1.0
2024-02-21 19:21:07,176 [WARN] PackLoader:240 - Cannot read IP mode file for wolfSSL.I-CUBE-wolfSSL.5.6.3
2024-02-21 19:21:07,211 [WARN] PackLoader:240 - Cannot read IP mode file for STMicroelectronics.X-CUBE-AZRTOS-L5.2.0.0
2024-02-21 19:21:07,291 [WARN] PackLoader:240 - Cannot read IP mode file for STMicroelectronics.X-CUBE-MEMS1.9.6.0
2024-02-21 19:21:07,487 [WARN] PackLoader:240 - Cannot read IP mode file for STMicroelectronics.X-CUBE-EEPRMA1.4.2.0
2024-02-21 19:21:07,497 [WARN] PackLoader:240 - Cannot read IP mode file for ITTIA_DB.I-CUBE-ITTIADB.8.8.0
2024-02-21 19:21:07,505 [WARN] PackLoader:240 - Cannot read IP mode file for STMicroelectronics.X-CUBE-BLEMGR.2.0.0
2024-02-21 19:21:07,531 [WARN] ConditionMgr:438 - getConditionDescription Invalid condition id : UX DEVICE CLASS RTOS Condition cause : null
2024-02-21 19:21:07,531 [WARN] ConditionMgr:438 - getConditionDescription Invalid condition id : UX DEVICE CLASS RTOS Condition cause : null
2024-02-21 19:21:07,537 [WARN] PackLoader:240 - Cannot read IP mode file for STMicroelectronics.X-CUBE-AZRTOS-H7.3.1.0
2024-02-21 19:21:07,539 [WARN] ConditionMgr:1039 - genDependencies : Invalid condition id : UX DEVICE CLASS RTOS Condition cause : null
2024-02-21 19:21:07,539 [WARN] ConditionMgr:1039 - genDependencies : Invalid condition id : UX DEVICE CLASS RTOS Condition cause : null
2024-02-21 19:21:07,540 [WARN] ConditionMgr:1039 - genDependencies : Invalid condition id : UX DEVICE CLASS RTOS Condition cause : null
2024-02-21 19:21:07,541 [WARN] ConditionMgr:1039 - genDependencies : Invalid condition id : UX DEVICE CLASS RTOS Condition cause : null
2024-02-21 19:21:07,541 [WARN] ConditionMgr:1039 - genDependencies : Invalid condition id : UX DEVICE CLASS RTOS Condition cause : null
2024-02-21 19:21:07,548 [WARN] PackLoader:240 - Cannot read IP mode file for STMicroelectronics.X-CUBE-NFC7.1.0.1
2024-02-21 19:21:07,557 [WARN] PackLoader:240 - Cannot read IP mode file for STMicroelectronics.X-CUBE-NFC6.3.0.0
2024-02-21 19:21:07,570 [WARN] PackLoader:240 - Cannot read IP mode file for STMicroelectronics.X-CUBE-EEPRMA1.4.1.0
2024-02-21 19:21:07,577 [WARN] PackLoader:240 - Cannot read IP mode file for STMicroelectronics.X-CUBE-AI.8.1.0
2024-02-21 19:21:07,597 [WARN] ConditionMgr:438 - getConditionDescription Invalid condition id : LAN8742 Phy interface Condition cause : null
2024-02-21 19:21:07,598 [WARN] PackLoader:240 - Cannot read IP mode file for STMicroelectronics.X-CUBE-AZRTOS-L4.2.0.0
2024-02-21 19:21:07,599 [WARN] ConditionMgr:1039 - genDependencies : Invalid condition id : LAN8742 Phy interface Condition cause : null
2024-02-21 19:21:07,599 [WARN] ConditionMgr:1039 - genDependencies : Invalid condition id : LAN8742 Phy interface Condition cause : null
2024-02-21 19:21:07,600 [WARN] ConditionMgr:1039 - genDependencies : Invalid condition id : LAN8742 Phy interface Condition cause : null
2024-02-21 19:21:07,609 [WARN] PackLoader:240 - Cannot read IP mode file for STMicroelectronics.X-CUBE-SFXS2LP1.4.0.0
2024-02-21 19:21:07,616 [WARN] PackLoader:240 - Cannot read IP mode file for STMicroelectronics.X-CUBE-ISPU.1.1.0
2024-02-21 19:21:07,629 [WARN] ConditionMgr:438 - getConditionDescription Invalid condition id : UX DEVICE CLASS RTOS Condition cause : null
2024-02-21 19:21:07,629 [WARN] ConditionMgr:438 - getConditionDescription Invalid condition id : UX DEVICE CLASS RTOS Condition cause : null
2024-02-21 19:21:07,632 [WARN] PackLoader:240 - Cannot read IP mode file for STMicroelectronics.X-CUBE-AZRTOS-WB.2.0.0
2024-02-21 19:21:07,633 [WARN] ConditionMgr:1039 - genDependencies : Invalid condition id : UX DEVICE CLASS RTOS Condition cause : null
2024-02-21 19:21:07,633 [WARN] ConditionMgr:1039 - genDependencies : Invalid condition id : UX DEVICE CLASS RTOS Condition cause : null
2024-02-21 19:21:07,634 [WARN] ConditionMgr:1039 - genDependencies : Invalid condition id : UX DEVICE CLASS RTOS Condition cause : null
2024-02-21 19:21:07,634 [WARN] ConditionMgr:1039 - genDependencies : Invalid condition id : UX DEVICE CLASS RTOS Condition cause : null
2024-02-21 19:21:07,634 [WARN] ConditionMgr:1039 - genDependencies : Invalid condition id : UX DEVICE CLASS RTOS Condition cause : null
2024-02-21 19:21:07,646 [WARN] PackLoader:240 - Cannot read IP mode file for STMicroelectronics.X-CUBE-SUBG2.5.0.0
2024-02-21 19:21:07,665 [WARN] PackLoader:240 - Cannot read IP mode file for STMicroelectronics.X-CUBE-TOF1.3.3.1
2024-02-21 19:21:07,688 [WARN] PackLoader:240 - Cannot read IP mode file for STMicroelectronics.X-CUBE-AZRTOS-G4.2.0.0
2024-02-21 19:21:07,704 [WARN] PackLoader:240 - Cannot read IP mode file for Infineon.AIROC-Wi-Fi-Bluetooth-STM32.1.5.1
2024-02-21 19:21:07,711 [WARN] PackLoader:240 - Cannot read IP mode file for STMicroelectronics.FP-SNS-MOTENVWB1.1.3.0
2024-02-21 19:21:07,716 [WARN] PackLoader:240 - Cannot read IP mode file for STMicroelectronics.FP-SNS-MOTENVWB1.1.3.1
2024-02-21 19:21:07,721 [WARN] PackLoader:240 - Cannot read IP mode file for STMicroelectronics.X-CUBE-ISPU.2.0.0
2024-02-21 19:21:07,767 [WARN] PackLoader:240 - Cannot read IP mode file for STMicroelectronics.X-CUBE-MEMS1.10.0.0
2024-02-21 19:21:07,886 [WARN] PackLoader:240 - Cannot read IP mode file for STMicroelectronics.X-CUBE-FREERTOS.1.1.0
2024-02-21 19:21:07,892 [WARN] PackLoader:240 - Cannot read IP mode file for portGmbH.I-Cube-SoM-uGOAL.1.1.0
2024-02-21 19:21:07,897 [WARN] PackLoader:240 - Cannot read IP mode file for STMicroelectronics.X-CUBE-ALS.1.0.1
2024-02-21 19:21:07,901 [WARN] PackLoader:240 - Cannot read IP mode file for STMicroelectronics.FP-ATR-ASTRA1.2.0.0
2024-02-21 19:21:07,911 [WARN] PackLoader:240 - Cannot read IP mode file for STMicroelectronics.X-CUBE-TOF1.3.4.0
2024-02-21 19:21:07,938 [WARN] PackLoader:240 - Cannot read IP mode file for STMicroelectronics.X-CUBE-AZRTOS-H7.3.2.0
2024-02-21 19:21:07,941 [INFO] ThirdParty:978 - Integrity check success = true
2024-02-21 19:21:07,942 [INFO] IntegrityCheckThread:100 - exiting critical section [integrity check]
2024-02-21 19:21:07,942 [INFO] IntegrityCheckThread:103 - End integrity checks thread
